📅 対象日: 2026-04-21
  投稿済みID: 17件
  キュー内の2026-04-21分: 0件
  Notionページを読み込み中...
  表示するネタ: 0件
  既存ブロックを削除中...
✅ Notionを更新しました（0件表示）
📅 対象日: 2026-04-22
  投稿済みID: 21件
  キュー内の2026-04-22分: 0件
  Notionページを読み込み中...
  表示するネタ: 0件
  既存ブロックを削除中...
✅ Notionを更新しました（0件表示）
📅 対象日: 2026-04-23
  投稿済みID: 25件
  キュー内の2026-04-23分: 5件
  Notionページを読み込み中...
  表示するネタ: 5件
  既存ブロックを削除中...
✅ Notionを更新しました（5件表示）
📅 対象日: 2026-04-24
  投稿済みID: 25件
  キュー内の2026-04-24分: 0件
  Notionページを読み込み中...
  ユーザー削除を検出: {'069'}
  表示するネタ: 0件
  既存ブロックを削除中...
✅ Notionを更新しました（0件表示）
📅 対象日: 2026-04-25
  投稿済みID: 25件
  キュー内の2026-04-25分: 0件
  Notionページを読み込み中...
  ユーザー削除を検出: {'076', '074', '069', '070', '071', '072'}
  表示するネタ: 0件
  既存ブロックを削除中...
✅ Notionを更新しました（0件表示）
📅 対象日: 2026-04-26
  投稿済みID: 25件
  キュー内の2026-04-26分: 0件
  Notionページを読み込み中...
  ユーザー削除を検出: {'074', '069', '076', '070', '072', '071'}
  表示するネタ: 0件
  既存ブロックを削除中...
✅ Notionを更新しました（0件表示）
📅 対象日: 2026-04-27
  投稿済みID: 25件
  キュー内の2026-04-27分: 0件
  Notionページを読み込み中...
  ユーザー削除を検出: {'074', '071', '070', '069', '076', '072'}
  表示するネタ: 0件
  既存ブロックを削除中...
✅ Notionを更新しました（0件表示）
